<?xml version="1.0" encoding="UTF-8"?>
<!-- Generated by org.testng.reporters.JUnitReportReporter -->
<testsuite hostname="Gazal" failures="0" tests="3" name="com.qa.ninjatutorials.testcases.SearchTest" time="11.197" errors="0" timestamp="2023-01-23T17:34:08 EST" skipped="0">
  <testcase classname="com.qa.ninjatutorials.testcases.SearchTest" name="verifySearchValidProduct" time="3.860"/>
  <system-out/>
  <testcase classname="com.qa.ninjatutorials.testcases.SearchTest" name="verifySearchInvalidProduct" time="3.727"/>
  <system-out/>
  <testcase classname="com.qa.ninjatutorials.testcases.SearchTest" name="verifySearchNoProduct" time="3.610"/>
  <system-out/>
</testsuite> <!-- com.qa.ninjatutorials.testcases.SearchTest -->
