<?xml version="1.0" encoding="UTF-8"?>
<!-- Generated by org.testng.reporters.JUnitReportReporter -->
<testsuite hostname="Gazal" failures="0" tests="5" name="com.qa.ninjatutorials.testcases.LoginTest" time="20.867" errors="0" timestamp="2023-01-23T17:34:08 EST" skipped="0">
  <testcase classname="com.qa.ninjatutorials.testcases.LoginTest" name="loginWithValidCredentials" time="4.409"/>
  <system-out/>
  <testcase classname="com.qa.ninjatutorials.testcases.LoginTest" name="loginWithInvalidCredentials" time="4.258"/>
  <system-out/>
  <testcase classname="com.qa.ninjatutorials.testcases.LoginTest" name="loginWithInvalidEmailIdValidPassword" time="3.949"/>
  <system-out/>
  <testcase classname="com.qa.ninjatutorials.testcases.LoginTest" name="loginWithValidEmailIdInvalidPassword" time="4.113"/>
  <system-out/>
  <testcase classname="com.qa.ninjatutorials.testcases.LoginTest" name="loginWithNoCredentials" time="4.138"/>
  <system-out/>
</testsuite> <!-- com.qa.ninjatutorials.testcases.LoginTest -->
